2024-12-04T15:03:13+03:00: [Ferdinand] has joined the chat...

2024-12-04T15:03:26+03:00: [Jane] has joined the chat...

2024-12-04T15:03:26+03:00: [Jane] has joined the chat...

2024-12-04T15:03:30+03:00: [2024-12-04 15:03:30][Jane]: Hello

2024-12-04T15:03:30+03:00: [2024-12-04 15:03:30][Jane]: Hello

2024-12-04T15:03:33+03:00: [2024-12-04 15:03:33][Ferdinand]: hi

2024-12-04T15:03:33+03:00: [2024-12-04 15:03:33][Ferdinand]: hi

2024-12-04T15:03:41+03:00: [2024-12-04 15:03:41][Ferdinand]: How's you

2024-12-04T15:03:41+03:00: [2024-12-04 15:03:41][Ferdinand]: How's you

2024-12-04T15:04:01+03:00: [2024-12-04 15:04:01][Jane]: I'm fine

2024-12-04T15:04:01+03:00: [2024-12-04 15:04:01][Jane]: I'm fine

2024-12-04T15:04:05+03:00: [2024-12-04 15:04:05][Ferdinand]: great

2024-12-04T15:04:05+03:00: [2024-12-04 15:04:05][Ferdinand]: great

2024-12-04T15:04:15+03:00: [2024-12-04 15:04:15][Jane]: when are you graduating

2024-12-04T15:04:15+03:00: [2024-12-04 15:04:15][Jane]: when are you graduating

2024-12-04T15:04:25+03:00: [2024-12-04 15:04:25][Ferdinand]: monday

2024-12-04T15:04:25+03:00: [2024-12-04 15:04:25][Ferdinand]: monday

2024-12-04T15:05:36+03:00: [Jane] has joined the chat...

2024-12-04T15:05:36+03:00: [Jane] has joined the chat...

2024-12-04T15:05:36+03:00: [Jane] has joined the chat...

2024-12-04T15:05:47+03:00: [2024-12-04 15:05:47][Jane]: Okay

2024-12-04T15:05:47+03:00: [2024-12-04 15:05:47][Jane]: Okay

2024-12-04T15:05:47+03:00: [2024-12-04 15:05:47][Jane]: Okay

2024-12-04T15:50:30+03:00: [Ferdinand] has joined the chat...

2024-12-04T15:50:30+03:00: Client [Ferdinand] joined the chat.
2024-12-04T15:50:40+03:00: [James] has joined the chat...

2024-12-04T15:50:40+03:00: Client [James] joined the chat.
2024-12-04T15:50:43+03:00: [2024-12-04 15:50:43][James]: Hello

2024-12-04T15:50:47+03:00: [2024-12-04 15:50:47][Ferdinand]: Hello

2024-12-04T15:52:00+03:00: [Jamo] has joined the chat...

2024-12-04T15:52:00+03:00: Client [Jamo] joined the chat.
2024-12-04T15:52:08+03:00: [2024-12-04 15:52:08][Jamo]: Hey guys

2024-12-04T15:52:14+03:00: [Jamo] has left the chat.

2024-12-04T15:52:14+03:00: Client [Jamo] left the chat.
2024-12-04T15:52:19+03:00: [Ferdinand] has left the chat.

2024-12-04T15:52:19+03:00: Client [Ferdinand] left the chat.
2024-12-04T15:52:22+03:00: [James] has left the chat.

2024-12-04T15:52:22+03:00: Client [James] left the chat.
